<?xml version="1.0" encoding="UTF-8"?>
<!-- Generated by org.testng.reporters.JUnitReportReporter -->
<testsuite skipped="0" hostname="LAPTOP-UOPT8SS9" name="selectdropdown.Select" tests="1" failures="0" timestamp="06 Feb 2019 20:54:55 GMT" time="5.106" errors="0">
  <testcase name="facebook" time="5.106" classname="selectdropdown.Select"/>
</testsuite> <!-- selectdropdown.Select -->
